<?xml version="1.0" encoding="UTF-8"?>
<!-- Generated by org.testng.reporters.JUnitXMLReporter -->
<testsuite ignored="3" hostname="user1" failures="0" tests="1" name="Default test" time="0.107" errors="0" timestamp="2025-04-02T16:33:17 IST">
  <testcase classname="groupScripts.SampleTwo" name="S2testTwo" time="0.021"/>
  <testcase classname="groupScripts.SampleTwo" name="S2testOne" time="0.0">
    <ignored/>
  </testcase> <!-- S2testOne -->
  <testcase classname="groupScripts.SampleTwo" name="S2testFour" time="0.0">
    <ignored/>
  </testcase> <!-- S2testFour -->
  <testcase classname="groupScripts.SampleTwo" name="S2testThree" time="0.0">
    <ignored/>
  </testcase> <!-- S2testThree -->
</testsuite> <!-- Default test -->
