<?xml version="1.0" encoding="UTF-8"?>
<!-- Generated by org.testng.reporters.JUnitXMLReporter -->
<testsuite ignored="1" hostname="user1" failures="0" tests="1" name="SampleTest(failed)" time="7.62" errors="0" timestamp="2025-04-02T14:54:45 IST">
  <testcase classname="testScripts.BookSearchTest" name="StoriesSearch" time="0.117"/>
  <testcase classname="testScripts.BookSearchTest" name="crimenovelSearch" time="0.0">
    <ignored/>
  </testcase> <!-- crimenovelSearch -->
</testsuite> <!-- SampleTest(failed) -->
