<?xml version="1.0" encoding="UTF-8"?>
<!-- Generated by org.testng.reporters.JUnitXMLReporter -->
<testsuite ignored="0" hostname="user1" failures="1" tests="3" name="SampleTest" time="28.012" errors="0" timestamp="2025-04-02T16:51:28 IST">
  <testcase classname="testScripts.BookSearchTest" name="StoriesSearch" time="0.132">
    <failure type="java.lang.AssertionError" message="expected [true] but found [false]">
      <![CDATA[java.lang.AssertionError: expected [true] but found [false]
at testScripts.BookSearchTest.StoriesSearch(BookSearchTest.java:44)
at java.base/java.util.ArrayList.forEach(ArrayList.java:1511)
... Removed 31 stack frames]]>
    </failure>
  </testcase> <!-- StoriesSearch -->
  <testcase classname="testScripts.BookSearchTest" name="crimeNovelSearch" time="0.107"/>
  <testcase classname="testScripts.BookSearchTest" name="FantasySearch" time="0.115"/>
</testsuite> <!-- SampleTest -->
