<?xml version="1.0" encoding="UTF-8"?>
<!-- Generated by org.testng.reporters.JUnitXMLReporter -->
<testsuite ignored="0" hostname="user1" failures="0" tests="12" name="SampleTest" time="27.852" errors="0" timestamp="2025-04-03T14:41:58 IST">
  <testcase classname="parallelScripts.SampleOneTest" name="testFour" time="6.654"/>
  <testcase classname="parallelScripts.SampleThreeTest" name="testFour" time="6.685"/>
  <testcase classname="parallelScripts.SampleTwoTest" name="testFour" time="6.827"/>
  <testcase classname="parallelScripts.SampleThreeTest" name="testOne" time="5.589"/>
  <testcase classname="parallelScripts.SampleOneTest" name="testOne" time="7.723"/>
  <testcase classname="parallelScripts.SampleTwoTest" name="testThree" time="7.884"/>
  <testcase classname="parallelScripts.SampleThreeTest" name="testThree" time="8.466"/>
  <testcase classname="parallelScripts.SampleOneTest" name="testThree" time="8.423"/>
  <testcase classname="parallelScripts.SampleTwoTest" name="testTwo" time="8.152"/>
  <testcase classname="parallelScripts.SampleOneTest" name="testTwo" time="4.039"/>
  <testcase classname="parallelScripts.SampleThreeTest" name="testTwo" time="6.987"/>
  <testcase classname="parallelScripts.SampleTwoTest" name="testone" time="4.878"/>
</testsuite> <!-- SampleTest -->
