<?xml version="1.0" encoding="UTF-8"?>
<!-- Generated by org.testng.reporters.JUnitXMLReporter -->
<testsuite ignored="0" hostname="user1" failures="0" tests="4" name="Test2" time="21.722" errors="0" timestamp="2025-04-03T14:46:09 IST">
  <testcase classname="parallelScripts.SampleTwoTest" name="testFour" time="5.16"/>
  <testcase classname="parallelScripts.SampleTwoTest" name="testThree" time="5.666"/>
  <testcase classname="parallelScripts.SampleTwoTest" name="testTwo" time="4.869"/>
  <testcase classname="parallelScripts.SampleTwoTest" name="testone" time="5.969"/>
</testsuite> <!-- Test2 -->
