<?xml version="1.0" encoding="UTF-8"?>
<!-- Generated by org.testng.reporters.JUnitXMLReporter -->
<testsuite ignored="0" hostname="user1" failures="0" tests="4" name="Test3" time="11.792" errors="0" timestamp="2025-04-03T14:46:13 IST">
  <testcase classname="parallelScripts.SampleThreeTest" name="testFour" time="3.733"/>
  <testcase classname="parallelScripts.SampleThreeTest" name="testOne" time="2.015"/>
  <testcase classname="parallelScripts.SampleThreeTest" name="testThree" time="3.744"/>
  <testcase classname="parallelScripts.SampleThreeTest" name="testTwo" time="2.284"/>
</testsuite> <!-- Test3 -->
