<?xml version="1.0" encoding="UTF-8"?>
<testng-results ignored="0" total="2" passed="2" failed="0" skipped="0">
  <reporter-output>
  </reporter-output>
  <suite started-at="2025-04-04T17:37:20 IST" name="Default suite" finished-at="2025-04-04T17:37:30 IST" duration-ms="9998">
    <groups>
    </groups>
    <test started-at="2025-04-04T17:37:20 IST" name="Default test" finished-at="2025-04-04T17:37:30 IST" duration-ms="9998">
      <class name="testScripts.ChromeDevToolsTest">
        <test-method is-config="true" signature="Setup()[pri:0, instance:testScripts.ChromeDevToolsTest@7674f035]" started-at="2025-04-04T17:37:20 IST" name="Setup" finished-at="2025-04-04T17:37:23 IST" duration-ms="2484" status="PASS">
          <reporter-output>
          </reporter-output>
        </test-method> <!-- Setup -->
        <test-method signature="GeoLocationTest()[pri:0, instance:testScripts.ChromeDevToolsTest@7674f035]" started-at="2025-04-04T17:37:23 IST" name="GeoLocationTest" finished-at="2025-04-04T17:37:27 IST" duration-ms="3812" status="PASS">
          <reporter-output>
          </reporter-output>
        </test-method> <!-- GeoLocationTest -->
        <test-method is-config="true" signature="Setup()[pri:0, instance:testScripts.ChromeDevToolsTest@7674f035]" started-at="2025-04-04T17:37:27 IST" name="Setup" finished-at="2025-04-04T17:37:29 IST" duration-ms="2748" status="PASS">
          <reporter-output>
          </reporter-output>
        </test-method> <!-- Setup -->
        <test-method signature="devicemodeTest()[pri:0, instance:testScripts.ChromeDevToolsTest@7674f035]" started-at="2025-04-04T17:37:29 IST" name="devicemodeTest" finished-at="2025-04-04T17:37:30 IST" duration-ms="876" status="PASS">
          <reporter-output>
          </reporter-output>
        </test-method> <!-- devicemodeTest -->
      </class> <!-- testScripts.ChromeDevToolsTest -->
    </test> <!-- Default test -->
  </suite> <!-- Default suite -->
</testng-results>
