<?xml version="1.0" encoding="UTF-8"?>
<testng-results ignored="0" total="1" passed="1" failed="0" skipped="0">
  <reporter-output>
  </reporter-output>
  <suite started-at="2025-04-07T15:42:28 IST" name="Default suite" finished-at="2025-04-07T15:42:37 IST" duration-ms="8742">
    <groups>
    </groups>
    <test started-at="2025-04-07T15:42:28 IST" name="Default test" finished-at="2025-04-07T15:42:37 IST" duration-ms="8742">
      <class name="GridTestScripts.RemoteWebSampleTest">
        <test-method signature="search()[pri:0, instance:GridTestScripts.RemoteWebSampleTest@15bb5034]" started-at="2025-04-07T15:42:28 IST" name="search" finished-at="2025-04-07T15:42:37 IST" duration-ms="8660" status="PASS">
          <reporter-output>
          </reporter-output>
        </test-method> <!-- search -->
      </class> <!-- GridTestScripts.RemoteWebSampleTest -->
    </test> <!-- Default test -->
  </suite> <!-- Default suite -->
</testng-results>
